<?xml version="1.0" encoding="utf-8"?><testsuites name="pytest tests"><testsuite name="pytest" errors="0" failures="0" skipped="1" tests="8" time="1.977" timestamp="2026-04-22T12:50:41.326941+00:00" hostname="agent-env-cc1144b7-b77d-4b46-9065-c5d45ee57ccd"><testcase classname="backend.tests.test_iteration20_design_logo" name="test_get_design_state" time="0.493" /><testcase classname="backend.tests.test_iteration20_design_logo" name="test_logo_upload_unauth" time="0.110" /><testcase classname="backend.tests.test_iteration20_design_logo" name="test_logo_url_save_and_persist" time="0.103" /><testcase classname="backend.tests.test_iteration20_design_logo" name="test_logo_url_validation_too_short" time="0.052" /><testcase classname="backend.tests.test_iteration20_design_logo" name="test_regenerate_invalid_section" time="0.053" /><testcase classname="backend.tests.test_iteration20_design_logo" name="test_publish_toggle" time="0.101" /><testcase classname="backend.tests.test_iteration20_design_logo" name="test_cj_sourcing_search" time="0.989" /><testcase classname="backend.tests.test_iteration20_design_logo" name="test_design_generate_full" time="0.001"><skipped type="pytest.skip" message="heavy Claude call — set RUN_HEAVY=1 to run">/app/backend/tests/test_iteration20_design_logo.py:113: heavy Claude call — set RUN_HEAVY=1 to run</skipped></testcase></testsuite></testsuites>