<?xml version="1.0" encoding="utf-8"?><testsuites name="pytest tests"><testsuite name="pytest" errors="0" failures="0" skipped="0" tests="8" time="3.447" timestamp="2026-04-20T13:38:02.338475+00:00" hostname="agent-env-cc1144b7-b77d-4b46-9065-c5d45ee57ccd"><testcase classname="backend.tests.test_iteration6" name="test_duplicate_preserves_50_steps_and_clones_products" time="1.101" /><testcase classname="backend.tests.test_iteration6" name="test_duplicate_without_products_has_empty_catalog" time="0.516" /><testcase classname="backend.tests.test_iteration6" name="test_duplicate_cross_user_forbidden" time="0.798" /><testcase classname="backend.tests.test_iteration6" name="test_domain_get_returns_cname_target" time="0.050" /><testcase classname="backend.tests.test_iteration6" name="test_domain_set_invalid_rejected" time="0.238" /><testcase classname="backend.tests.test_iteration6" name="test_domain_set_valid_and_clear" time="0.182" /><testcase classname="backend.tests.test_iteration6" name="test_domain_uniqueness" time="0.252" /><testcase classname="backend.tests.test_iteration6" name="test_public_resolve_requires_verified" time="0.241" /></testsuite></testsuites>