<?xml version="1.0" encoding="utf-8"?><testsuites name="pytest tests"><testsuite name="pytest" errors="0" failures="0" skipped="0" tests="8" time="17.552" timestamp="2026-04-23T11:54:46.708843+00:00" hostname="agent-env-cc1144b7-b77d-4b46-9065-c5d45ee57ccd"><testcase classname="backend.tests.test_iteration22_nav_sections_images" name="test_auth_me" time="0.455" /><testcase classname="backend.tests.test_iteration22_nav_sections_images" name="test_llm_status" time="0.048" /><testcase classname="backend.tests.test_iteration22_nav_sections_images" name="test_get_design" time="0.049" /><testcase classname="backend.tests.test_iteration22_nav_sections_images" name="test_patch_section_hero_valid" time="0.100" /><testcase classname="backend.tests.test_iteration22_nav_sections_images" name="test_patch_section_invalid_returns_400" time="0.047" /><testcase classname="backend.tests.test_iteration22_nav_sections_images" name="test_navigation_put_persists_and_public_returns_header" time="0.249" /><testcase classname="backend.tests.test_iteration22_nav_sections_images" name="test_generate_product_image" time="16.382" /><testcase classname="backend.tests.test_iteration22_nav_sections_images" name="test_uploads_products_ai_directory_exists" time="0.145" /></testsuite></testsuites>