<?xml version="1.0" encoding="utf-8"?><testsuites name="pytest tests"><testsuite name="pytest" errors="0" failures="0" skipped="0" tests="17" time="2.075" timestamp="2026-04-23T12:25:30.387939+00:00" hostname="agent-env-cc1144b7-b77d-4b46-9065-c5d45ee57ccd"><testcase classname="backend.tests.test_iteration23_legal_mega_mobile.TestLegalPages" name="test_seed_legal_returns_7_keys" time="0.489" /><testcase classname="backend.tests.test_iteration23_legal_mega_mobile.TestLegalPages" name="test_public_design_exposes_7_legal" time="0.108" /><testcase classname="backend.tests.test_iteration23_legal_mega_mobile.TestStorefrontLegalRoutes" name="test_storefront_legal_route_renders[cgv]" time="0.110" /><testcase classname="backend.tests.test_iteration23_legal_mega_mobile.TestStorefrontLegalRoutes" name="test_storefront_legal_route_renders[mentions-legales]" time="0.124" /><testcase classname="backend.tests.test_iteration23_legal_mega_mobile.TestStorefrontLegalRoutes" name="test_storefront_legal_route_renders[confidentialite]" time="0.125" /><testcase classname="backend.tests.test_iteration23_legal_mega_mobile.TestStorefrontLegalRoutes" name="test_storefront_legal_route_renders[cookies]" time="0.108" /><testcase classname="backend.tests.test_iteration23_legal_mega_mobile.TestStorefrontLegalRoutes" name="test_storefront_legal_route_renders[livraison]" time="0.101" /><testcase classname="backend.tests.test_iteration23_legal_mega_mobile.TestStorefrontLegalRoutes" name="test_storefront_legal_route_renders[retours]" time="0.100" /><testcase classname="backend.tests.test_iteration23_legal_mega_mobile.TestStorefrontLegalRoutes" name="test_storefront_legal_route_renders[mediation]" time="0.103" /><testcase classname="backend.tests.test_iteration23_legal_mega_mobile.TestNavigationMegaMenu" name="test_put_nav_with_mega_persists" time="0.051" /><testcase classname="backend.tests.test_iteration23_legal_mega_mobile.TestNavigationMegaMenu" name="test_public_nav_returns_mega" time="0.111" /><testcase classname="backend.tests.test_iteration23_legal_mega_mobile.TestNavigationMegaMenu" name="test_public_design_reflects_mega" time="0.131" /><testcase classname="backend.tests.test_iteration23_legal_mega_mobile.TestRegression" name="test_llm_status" time="0.057" /><testcase classname="backend.tests.test_iteration23_legal_mega_mobile.TestRegression" name="test_auth_me" time="0.050" /><testcase classname="backend.tests.test_iteration23_legal_mega_mobile.TestRegression" name="test_get_site_design" time="0.057" /><testcase classname="backend.tests.test_iteration23_legal_mega_mobile.TestRegression" name="test_patch_section_hero" time="0.049" /><testcase classname="backend.tests.test_iteration23_legal_mega_mobile.TestRegression" name="test_public_shop_endpoint" time="0.133" /></testsuite></testsuites>