<?xml version="1.0" encoding="utf-8"?><testsuites name="pytest tests"><testsuite name="pytest" errors="0" failures="0" skipped="0" tests="20" time="2.290" timestamp="2026-04-21T08:57:34.489867+00:00" hostname="agent-env-cc1144b7-b77d-4b46-9065-c5d45ee57ccd"><testcase classname="tests.test_iteration15_analyzer_google_enrichment.TestAnalyzerImports" name="test_analyzer_imports_without_crash" time="0.246" /><testcase classname="tests.test_iteration15_analyzer_google_enrichment.TestAnalyzerImports" name="test_fetch_keyword_volumes_import" time="0.006" /><testcase classname="tests.test_iteration15_analyzer_google_enrichment.TestFetchKeywordVolumesDirect" name="test_no_admin_connected_returns_gracefully" time="0.004" /><testcase classname="tests.test_iteration15_analyzer_google_enrichment.TestFetchKeywordVolumesDirect" name="test_empty_input_returns_gracefully" time="0.001" /><testcase classname="tests.test_iteration15_analyzer_google_enrichment.TestFetchKeywordVolumesDirect" name="test_fake_admin_connected_fails_gracefully" time="0.478" /><testcase classname="tests.test_iteration15_analyzer_google_enrichment.TestExistingAnalysisStructure" name="test_known_analysis_has_fallback_shape" time="0.001" /><testcase classname="tests.test_iteration15_analyzer_google_enrichment.TestExistingAnalysisStructure" name="test_known_analysis_via_api_as_owner" time="0.455" /><testcase classname="tests.test_iteration15_analyzer_google_enrichment.TestAnalysesEndpoints" name="test_list_analyses_returns_200" time="0.045" /><testcase classname="tests.test_iteration15_analyzer_google_enrichment.TestAnalysesEndpoints" name="test_list_analyses_concepteur_returns_200" time="0.378" /><testcase classname="tests.test_iteration15_analyzer_google_enrichment.TestAnalysesEndpoints" name="test_get_analysis_known_id_via_owner" time="0.142" /><testcase classname="tests.test_iteration15_analyzer_google_enrichment.TestAnalysesEndpoints" name="test_get_analysis_wrong_owner_returns_404" time="0.048" /><testcase classname="tests.test_iteration15_analyzer_google_enrichment.TestAnalysesEndpoints" name="test_list_analyses_exposes_new_fields_if_any" time="0.048" /><testcase classname="tests.test_iteration15_analyzer_google_enrichment.TestCountrySizingGoogleVerifiedStructure" name="test_country_sizing_accepts_google_verified_flag" time="0.000" /><testcase classname="tests.test_iteration15_analyzer_google_enrichment.TestNonRegression" name="test_auth_me_admin" time="0.049" /><testcase classname="tests.test_iteration15_analyzer_google_enrichment.TestNonRegression" name="test_auth_me_concepteur" time="0.045" /><testcase classname="tests.test_iteration15_analyzer_google_enrichment.TestNonRegression" name="test_google_ads_status_admin" time="0.045" /><testcase classname="tests.test_iteration15_analyzer_google_enrichment.TestNonRegression" name="test_google_ads_status_concepteur_forbidden" time="0.047" /><testcase classname="tests.test_iteration15_analyzer_google_enrichment.TestNonRegression" name="test_sites_list" time="0.057" /><testcase classname="tests.test_iteration15_analyzer_google_enrichment.TestNonRegression" name="test_sourcing_markets_public_or_auth" time="0.050" /><testcase classname="tests.test_iteration15_analyzer_google_enrichment.TestNonRegression" name="test_analyze_endpoint_exists_but_not_called" time="0.046" /></testsuite></testsuites>