<?xml version="1.0" encoding="utf-8"?><testsuites name="pytest tests"><testsuite name="pytest" errors="0" failures="0" skipped="0" tests="17" time="2.413" timestamp="2026-04-20T16:42:12.973374+00:00" hostname="agent-env-cc1144b7-b77d-4b46-9065-c5d45ee57ccd"><testcase classname="backend.tests.test_iteration12_payouts.TestProductsCostHT" name="test_create_product_with_cost_price_ht" time="0.655" /><testcase classname="backend.tests.test_iteration12_payouts.TestProductsCostHT" name="test_update_product_cost_price_ht" time="0.105" /><testcase classname="backend.tests.test_iteration12_payouts.TestPublicOrderHT" name="test_create_public_order_calculates_ht" time="0.184" /><testcase classname="backend.tests.test_iteration12_payouts.TestLogOrderShareOnPaid" name="test_log_order_share_uses_gross_margin_ht" time="0.192" /><testcase classname="backend.tests.test_iteration12_payouts.TestPayoutsFlow" name="test_payouts_preview_structure" time="0.399" /><testcase classname="backend.tests.test_iteration12_payouts.TestPayoutsFlow" name="test_run_payouts_creates_pending_entries" time="0.070" /><testcase classname="backend.tests.test_iteration12_payouts.TestPayoutsFlow" name="test_payouts_history_includes_pending" time="0.056" /><testcase classname="backend.tests.test_iteration12_payouts.TestPayoutsFlow" name="test_preview_excludes_after_run" time="0.056" /><testcase classname="backend.tests.test_iteration12_payouts.TestPayoutsFlow" name="test_mark_payout_paid" time="0.064" /><testcase classname="backend.tests.test_iteration12_payouts.TestPayoutsFlow" name="test_mark_paid_idempotency_404" time="0.056" /><testcase classname="backend.tests.test_iteration12_payouts.TestPayoutsFlow" name="test_cancel_payout" time="0.175" /><testcase classname="backend.tests.test_iteration12_payouts.TestPayoutsSkipNoIban" name="test_run_payouts_skips_no_iban" time="0.058" /><testcase classname="backend.tests.test_iteration12_payouts.TestVATByCountry" name="test_vat_rates_via_helper" time="0.001" /><testcase classname="backend.tests.test_iteration12_payouts.TestAdminNotifications" name="test_list_notifications" time="0.050" /><testcase classname="backend.tests.test_iteration12_payouts.TestAdminNotifications" name="test_mark_notification_read" time="0.057" /><testcase classname="backend.tests.test_iteration12_payouts.TestAuthGuards" name="test_concepteur_cannot_access_payouts_preview" time="0.053" /><testcase classname="backend.tests.test_iteration12_payouts.TestAuthGuards" name="test_concepteur_cannot_run_payouts" time="0.060" /></testsuite></testsuites>