<?xml version="1.0" encoding="utf-8"?><testsuites name="pytest tests"><testsuite name="pytest" errors="0" failures="0" skipped="0" tests="8" time="1.738" timestamp="2026-04-20T14:34:45.315468+00:00" hostname="agent-env-cc1144b7-b77d-4b46-9065-c5d45ee57ccd"><testcase classname="backend.tests.test_iteration8" name="test_empire_requires_admin" time="0.629" /><testcase classname="backend.tests.test_iteration8" name="test_empire_returns_full_shape" time="0.401" /><testcase classname="backend.tests.test_iteration8" name="test_empire_custom_days" time="0.049" /><testcase classname="backend.tests.test_iteration8" name="test_empire_alerts_are_site_linked" time="0.053" /><testcase classname="backend.tests.test_iteration8" name="test_blocks_prompts_catalog" time="0.051" /><testcase classname="backend.tests.test_iteration8" name="test_block_outputs_empty_initially" time="0.144" /><testcase classname="backend.tests.test_iteration8" name="test_block_execute_unknown_block_404" time="0.152" /><testcase classname="backend.tests.test_iteration8" name="test_block_execute_requires_site_access" time="0.171" /></testsuite></testsuites>