<?xml version="1.0" encoding="utf-8"?><testsuites name="pytest tests"><testsuite name="pytest" errors="0" failures="0" skipped="1" tests="9" time="39.569" timestamp="2026-04-22T12:30:17.240947+00:00" hostname="agent-env-cc1144b7-b77d-4b46-9065-c5d45ee57ccd"><testcase classname="backend.tests.test_iteration19_cockpit_tools.TestCockpitGetEmpty" name="test_pricing_get_empty_returns_dict" time="0.506" /><testcase classname="backend.tests.test_iteration19_cockpit_tools.TestCockpitGetEmpty" name="test_forecast_get_empty" time="0.049" /><testcase classname="backend.tests.test_iteration19_cockpit_tools.TestCockpitGetEmpty" name="test_upsells_get_empty" time="0.060" /><testcase classname="backend.tests.test_iteration19_cockpit_tools.TestCockpitPostNoProducts" name="test_forecast_post_no_products_returns_400" time="0.051" /><testcase classname="backend.tests.test_iteration19_cockpit_tools.TestCockpitPostNoProducts" name="test_upsells_post_no_products_returns_400" time="0.050" /><testcase classname="backend.tests.test_iteration19_cockpit_tools.TestPricingClaude" name="test_pricing_post_returns_snapshot_or_502" time="38.099" /><testcase classname="backend.tests.test_iteration19_cockpit_tools.TestSiteScoping" name="test_concepteur_cannot_access_foreign_site_pricing" time="0.506"><skipped type="pytest.skip" message="No foreign site found to test scoping">/app/backend/tests/test_iteration19_cockpit_tools.py:127: No foreign site found to test scoping</skipped></testcase><testcase classname="backend.tests.test_iteration19_cockpit_tools.TestSiteScoping" name="test_concepteur_can_access_own_site" time="0.049" /><testcase classname="backend.tests.test_iteration19_cockpit_tools.TestAuthRequired" name="test_pricing_requires_auth" time="0.120" /></testsuite></testsuites>