<?xml version="1.0" encoding="utf-8"?><testsuites name="pytest tests"><testsuite name="pytest" errors="0" failures="0" skipped="0" tests="17" time="12.765" timestamp="2026-04-24T06:05:44.031579+00:00" hostname="agent-env-cc1144b7-b77d-4b46-9065-c5d45ee57ccd"><testcase classname="tests.test_aeo_il_citation_api.TestAeoReadiness" name="test_requires_auth" time="0.189" /><testcase classname="tests.test_aeo_il_citation_api.TestAeoReadiness" name="test_404_on_unknown_site" time="0.394" /><testcase classname="tests.test_aeo_il_citation_api.TestAeoReadiness" name="test_returns_score_and_checklist" time="0.048" /><testcase classname="tests.test_aeo_il_citation_api.TestAeoEnrichOne" name="test_requires_auth" time="0.106" /><testcase classname="tests.test_aeo_il_citation_api.TestAeoEnrichOne" name="test_404_on_unknown_product" time="0.050" /><testcase classname="tests.test_aeo_il_citation_api.TestInternalLinkingAutoInject" name="test_requires_auth" time="0.106" /><testcase classname="tests.test_aeo_il_citation_api.TestInternalLinkingAutoInject" name="test_404_on_unknown_site" time="0.051" /><testcase classname="tests.test_aeo_il_citation_api.TestInternalLinkingAutoInject" name="test_dry_run_returns_expected_stats" time="0.051" /><testcase classname="tests.test_aeo_il_citation_api.TestInternalLinkingStats" name="test_requires_auth" time="0.112" /><testcase classname="tests.test_aeo_il_citation_api.TestInternalLinkingStats" name="test_404_on_unknown_site" time="0.047" /><testcase classname="tests.test_aeo_il_citation_api.TestInternalLinkingStats" name="test_returns_stats" time="0.054" /><testcase classname="tests.test_aeo_il_citation_api.TestCitationTracker" name="test_get_requires_auth" time="0.114" /><testcase classname="tests.test_aeo_il_citation_api.TestCitationTracker" name="test_get_404_on_unknown_site" time="0.046" /><testcase classname="tests.test_aeo_il_citation_api.TestCitationTracker" name="test_get_returns_last_run_and_history" time="0.046" /><testcase classname="tests.test_aeo_il_citation_api.TestCitationTracker" name="test_run_requires_auth" time="0.093" /><testcase classname="tests.test_aeo_il_citation_api.TestCitationTracker" name="test_run_404_on_unknown_site" time="0.047" /><testcase classname="tests.test_aeo_il_citation_api.TestCitationTracker" name="test_run_handles_llm_budget_gracefully" time="11.125" /></testsuite></testsuites>