<?xml version="1.0" encoding="utf-8"?><testsuites name="pytest tests"><testsuite name="pytest" errors="0" failures="0" skipped="2" tests="6" time="1.383" timestamp="2026-04-22T20:59:42.735549+00:00" hostname="agent-env-cc1144b7-b77d-4b46-9065-c5d45ee57ccd"><testcase classname="backend.tests.test_fulfillment_routes_iter21" name="test_fulfillment_requires_auth" time="0.226" /><testcase classname="backend.tests.test_fulfillment_routes_iter21" name="test_fulfillment_summary_shape" time="0.502" /><testcase classname="backend.tests.test_fulfillment_routes_iter21" name="test_fulfillment_unknown_site_403_or_404" time="0.052" /><testcase classname="backend.tests.test_fulfillment_routes_iter21" name="test_supplier_retry_unknown_order_404" time="0.056" /><testcase classname="backend.tests.test_fulfillment_routes_iter21" name="test_supplier_retry_unpaid_order_400" time="0.428"><skipped type="pytest.skip" message="No pending_payment order in DB to test 400 path">/app/backend/tests/test_fulfillment_routes_iter21.py:89: No pending_payment order in DB to test 400 path</skipped></testcase><testcase classname="backend.tests.test_fulfillment_routes_iter21" name="test_supplier_retry_paid_no_provider_400" time="0.050"><skipped type="pytest.skip" message="No paid order in DB to test">/app/backend/tests/test_fulfillment_routes_iter21.py:105: No paid order in DB to test</skipped></testcase></testsuite></testsuites>