<?xml version="1.0" encoding="utf-8"?><testsuites name="pytest tests"><testsuite name="pytest" errors="0" failures="0" skipped="0" tests="11" time="0.271" timestamp="2026-04-24T06:05:08.432337+00:00" hostname="agent-env-cc1144b7-b77d-4b46-9065-c5d45ee57ccd"><testcase classname="tests.test_internal_linking" name="test_build_link_map_sorts_pillar_first" time="0.000" /><testcase classname="tests.test_internal_linking" name="test_build_link_map_skips_upsells" time="0.000" /><testcase classname="tests.test_internal_linking" name="test_build_link_map_filters_short_or_stop_words" time="0.000" /><testcase classname="tests.test_internal_linking" name="test_inject_links_respects_max" time="0.000" /><testcase classname="tests.test_internal_linking" name="test_inject_links_skips_existing_markdown" time="0.000" /><testcase classname="tests.test_internal_linking" name="test_inject_links_skips_code_blocks" time="0.000" /><testcase classname="tests.test_internal_linking" name="test_inject_links_respects_self_url" time="0.000" /><testcase classname="tests.test_internal_linking" name="test_inject_links_case_insensitive" time="0.000" /><testcase classname="tests.test_internal_linking" name="test_inject_links_respects_word_boundaries" time="0.000" /><testcase classname="tests.test_internal_linking" name="test_normalize_keyword" time="0.000" /><testcase classname="tests.test_internal_linking" name="test_inject_multiple_keywords_stops_at_max" time="0.000" /></testsuite></testsuites>