<?xml version="1.0" encoding="utf-8"?><testsuites name="pytest tests"><testsuite name="pytest" errors="0" failures="0" skipped="0" tests="27" time="2.331" timestamp="2026-04-21T08:57:42.665403+00:00" hostname="agent-env-cc1144b7-b77d-4b46-9065-c5d45ee57ccd"><testcase classname="tests.test_iteration14_google_ads.TestStatus" name="test_status_admin_ok" time="0.404" /><testcase classname="tests.test_iteration14_google_ads.TestStatus" name="test_status_operator_403" time="0.400" /><testcase classname="tests.test_iteration14_google_ads.TestStatus" name="test_status_anon_401" time="0.097" /><testcase classname="tests.test_iteration14_google_ads.TestMarkets" name="test_markets_admin" time="0.063" /><testcase classname="tests.test_iteration14_google_ads.TestMarkets" name="test_markets_operator_403" time="0.042" /><testcase classname="tests.test_iteration14_google_ads.TestOAuthStart" name="test_oauth_start_admin" time="0.091" /><testcase classname="tests.test_iteration14_google_ads.TestOAuthStart" name="test_oauth_start_operator_403" time="0.045" /><testcase classname="tests.test_iteration14_google_ads.TestOAuthCallback" name="test_callback_missing_code_redirects_error" time="0.045" /><testcase classname="tests.test_iteration14_google_ads.TestOAuthCallback" name="test_callback_error_param_redirects_error" time="0.046" /><testcase classname="tests.test_iteration14_google_ads.TestLoginCustomerId" name="test_operator_forbidden" time="0.044" /><testcase classname="tests.test_iteration14_google_ads.TestLoginCustomerId" name="test_invalid_not_10_digits" time="0.046" /><testcase classname="tests.test_iteration14_google_ads.TestLoginCustomerId" name="test_invalid_non_digits" time="0.045" /><testcase classname="tests.test_iteration14_google_ads.TestLoginCustomerId" name="test_valid_plain_10_digits" time="0.044" /><testcase classname="tests.test_iteration14_google_ads.TestLoginCustomerId" name="test_valid_with_hyphens" time="0.059" /><testcase classname="tests.test_iteration14_google_ads.TestCustomers" name="test_operator_403" time="0.043" /><testcase classname="tests.test_iteration14_google_ads.TestCustomers" name="test_admin_not_connected_401" time="0.053" /><testcase classname="tests.test_iteration14_google_ads.TestKeywordIdeas" name="test_operator_403" time="0.046" /><testcase classname="tests.test_iteration14_google_ads.TestKeywordIdeas" name="test_admin_invalid_country" time="0.046" /><testcase classname="tests.test_iteration14_google_ads.TestKeywordIdeas" name="test_admin_not_connected_401" time="0.181" /><testcase classname="tests.test_iteration14_google_ads.TestCampaigns" name="test_operator_403" time="0.047" /><testcase classname="tests.test_iteration14_google_ads.TestCampaigns" name="test_admin_not_connected_401" time="0.043" /><testcase classname="tests.test_iteration14_google_ads.TestCampaigns" name="test_payload_validation_missing_customer_id" time="0.046" /><testcase classname="tests.test_iteration14_google_ads.TestDisconnect" name="test_operator_403" time="0.043" /><testcase classname="tests.test_iteration14_google_ads.TestDisconnect" name="test_admin_ok" time="0.092" /><testcase classname="tests.test_iteration14_google_ads.TestRegression" name="test_auth_me_admin" time="0.043" /><testcase classname="tests.test_iteration14_google_ads.TestRegression" name="test_auth_me_operator" time="0.045" /><testcase classname="tests.test_iteration14_google_ads.TestRegression" name="test_sites_list_admin" time="0.062" /></testsuite></testsuites>