<?xml version="1.0" encoding="utf-8"?><testsuites name="pytest tests"><testsuite name="pytest" errors="0" failures="0" skipped="0" tests="16" time="11.405" timestamp="2026-04-20T15:01:55.087273+00:00" hostname="agent-env-cc1144b7-b77d-4b46-9065-c5d45ee57ccd"><testcase classname="tests.test_iteration9_copilot.TestTools" name="test_concepteur_sees_8_tools_no_empire" time="0.465" /><testcase classname="tests.test_iteration9_copilot.TestTools" name="test_admin_sees_9_tools_including_empire" time="0.393" /><testcase classname="tests.test_iteration9_copilot.TestTools" name="test_tools_requires_auth" time="0.145" /><testcase classname="tests.test_iteration9_copilot.TestSessionsList" name="test_list_sessions_shape" time="0.059" /><testcase classname="tests.test_iteration9_copilot.TestSessionsList" name="test_get_nonexistent_session_returns_empty" time="0.073" /><testcase classname="tests.test_iteration9_copilot.TestSessionsList" name="test_delete_nonexistent_session_ok_zero" time="0.068" /><testcase classname="tests.test_iteration9_copilot.TestChatReAct" name="test_liste_mes_sites_invokes_list_my_sites_tool" time="9.840" /><testcase classname="tests.test_iteration9_copilot.TestHandlerValidation" name="test_batch_update_rejects_pct_over_50" time="0.258" /><testcase classname="tests.test_iteration9_copilot.TestHandlerValidation" name="test_batch_update_rejects_pct_under_minus_50" time="0.000" /><testcase classname="tests.test_iteration9_copilot.TestHandlerValidation" name="test_batch_update_rejects_non_numeric" time="0.000" /><testcase classname="tests.test_iteration9_copilot.TestHandlerValidation" name="test_update_product_price_rejects_negative" time="0.000" /><testcase classname="tests.test_iteration9_copilot.TestHandlerValidation" name="test_update_product_price_rejects_over_100k" time="0.000" /><testcase classname="tests.test_iteration9_copilot.TestHandlerValidation" name="test_update_product_price_rejects_non_numeric" time="0.000" /><testcase classname="tests.test_iteration9_copilot.TestHandlerValidation" name="test_search_sites_rejects_empty_query" time="0.000" /><testcase classname="tests.test_iteration9_copilot.TestHandlerValidation" name="test_empire_overview_rejects_non_admin" time="0.000" /><testcase classname="tests.test_iteration9_copilot.TestHandlerValidation" name="test_cross_user_site_access_denied" time="0.006" /></testsuite></testsuites>