<?xml version="1.0" encoding="utf-8"?><testsuites name="pytest tests"><testsuite name="pytest" errors="0" failures="0" skipped="0" tests="4" time="43.682" timestamp="2026-04-20T13:55:45.313363+00:00" hostname="agent-env-cc1144b7-b77d-4b46-9065-c5d45ee57ccd"><testcase classname="backend.tests.test_iteration7_extra" name="test_cross_site_domain_uniqueness_returns_409" time="1.123" /><testcase classname="backend.tests.test_iteration7_extra" name="test_generate_ads_copy_scheduled_count" time="41.801" /><testcase classname="backend.tests.test_iteration7_extra" name="test_total_daily_budget_scales_linearly" time="0.331" /><testcase classname="backend.tests.test_iteration7_extra" name="test_copy_products_false_yields_empty_catalog" time="0.357" /></testsuite></testsuites>