<?xml version="1.0" encoding="utf-8"?><testsuites name="pytest tests"><testsuite name="pytest" errors="0" failures="2" skipped="0" tests="17" time="2.186" timestamp="2026-04-23T12:20:10.207152+00:00" hostname="agent-env-cc1144b7-b77d-4b46-9065-c5d45ee57ccd"><testcase classname="backend.tests.test_iteration23_legal_mega_mobile.TestLegalPages" name="test_seed_legal_returns_7_keys" time="0.531" /><testcase classname="backend.tests.test_iteration23_legal_mega_mobile.TestLegalPages" name="test_public_design_exposes_7_legal" time="0.118" /><testcase classname="backend.tests.test_iteration23_legal_mega_mobile.TestStorefrontLegalRoutes" name="test_storefront_legal_route_renders[cgv]" time="0.119" /><testcase classname="backend.tests.test_iteration23_legal_mega_mobile.TestStorefrontLegalRoutes" name="test_storefront_legal_route_renders[mentions-legales]" time="0.101" /><testcase classname="backend.tests.test_iteration23_legal_mega_mobile.TestStorefrontLegalRoutes" name="test_storefront_legal_route_renders[confidentialite]" time="0.116" /><testcase classname="backend.tests.test_iteration23_legal_mega_mobile.TestStorefrontLegalRoutes" name="test_storefront_legal_route_renders[cookies]" time="0.114" /><testcase classname="backend.tests.test_iteration23_legal_mega_mobile.TestStorefrontLegalRoutes" name="test_storefront_legal_route_renders[livraison]" time="0.112" /><testcase classname="backend.tests.test_iteration23_legal_mega_mobile.TestStorefrontLegalRoutes" name="test_storefront_legal_route_renders[retours]" time="0.119" /><testcase classname="backend.tests.test_iteration23_legal_mega_mobile.TestStorefrontLegalRoutes" name="test_storefront_legal_route_renders[mediation]" time="0.130" /><testcase classname="backend.tests.test_iteration23_legal_mega_mobile.TestNavigationMegaMenu" name="test_put_nav_with_mega_persists" time="0.052" /><testcase classname="backend.tests.test_iteration23_legal_mega_mobile.TestNavigationMegaMenu" name="test_public_nav_returns_mega" time="0.139"><failure message="AssertionError: No mega item found in header. Got: [{'label': 'Accueil', 'href': '/', 'external': False}, {'label': 'TEST Mega', 'href': '#', 'external': False}]&#10;assert 0 &gt;= 1&#10; +  where 0 = len([])">backend/tests/test_iteration23_legal_mega_mobile.py:84: in test_public_nav_returns_mega
    assert len(mega_items) &gt;= 1, f"No mega item found in header. Got: {header}"
E   AssertionError: No mega item found in header. Got: [{'label': 'Accueil', 'href': '/', 'external': False}, {'label': 'TEST Mega', 'href': '#', 'external': False}]
E   assert 0 &gt;= 1
E    +  where 0 = len([])</failure></testcase><testcase classname="backend.tests.test_iteration23_legal_mega_mobile.TestNavigationMegaMenu" name="test_public_design_reflects_mega" time="0.108"><failure message="AssertionError: design.navigation.header should expose mega item. Got header: [{'label': 'Accueil', 'href': '/', 'external': False}, {'label': 'TEST Mega', 'href': '#', 'external': False}]&#10;assert 0 &gt;= 1&#10; +  where 0 = len([])">backend/tests/test_iteration23_legal_mega_mobile.py:96: in test_public_design_reflects_mega
    assert len(mega_items) &gt;= 1, f"design.navigation.header should expose mega item. Got header: {header}"
E   AssertionError: design.navigation.header should expose mega item. Got header: [{'label': 'Accueil', 'href': '/', 'external': False}, {'label': 'TEST Mega', 'href': '#', 'external': False}]
E   assert 0 &gt;= 1
E    +  where 0 = len([])</failure></testcase><testcase classname="backend.tests.test_iteration23_legal_mega_mobile.TestRegression" name="test_llm_status" time="0.049" /><testcase classname="backend.tests.test_iteration23_legal_mega_mobile.TestRegression" name="test_auth_me" time="0.051" /><testcase classname="backend.tests.test_iteration23_legal_mega_mobile.TestRegression" name="test_get_site_design" time="0.062" /><testcase classname="backend.tests.test_iteration23_legal_mega_mobile.TestRegression" name="test_patch_section_hero" time="0.050" /><testcase classname="backend.tests.test_iteration23_legal_mega_mobile.TestRegression" name="test_public_shop_endpoint" time="0.111" /></testsuite></testsuites>