<?xml version="1.0" encoding="utf-8"?><testsuites name="pytest tests"><testsuite name="pytest" errors="0" failures="0" skipped="0" tests="7" time="16.651" timestamp="2026-04-23T11:27:55.611311+00:00" hostname="agent-env-cc1144b7-b77d-4b46-9065-c5d45ee57ccd"><testcase classname="backend.tests.test_iteration21_studio" name="test_get_design_returns_expected_shape" time="0.611" /><testcase classname="backend.tests.test_iteration21_studio" name="test_get_navigation_returns_header_and_footer" time="0.048" /><testcase classname="backend.tests.test_iteration21_studio" name="test_seed_legal_creates_three_pages" time="0.099" /><testcase classname="backend.tests.test_iteration21_studio" name="test_ai_field_tagline_accepts_200_or_upstream_error" time="3.375" /><testcase classname="backend.tests.test_iteration21_studio" name="test_ai_field_invalid_field_returns_400" time="0.056" /><testcase classname="backend.tests.test_iteration21_studio" name="test_ai_nav_optimize_accepts_200_or_error" time="9.080" /><testcase classname="backend.tests.test_iteration21_studio" name="test_ai_collections_suggest_accepts_200_or_error" time="3.284" /></testsuite></testsuites>