<?xml version="1.0" encoding="utf-8"?><testsuites name="pytest tests"><testsuite name="pytest" errors="0" failures="1" skipped="0" tests="13" time="8.880" timestamp="2026-04-20T15:34:10.424667+00:00" hostname="agent-env-cc1144b7-b77d-4b46-9065-c5d45ee57ccd"><testcase classname="backend.tests.test_iteration10_mollie.TestCreatePayment" name="test_create_payment_happy_path" time="2.219" /><testcase classname="backend.tests.test_iteration10_mollie.TestCreatePayment" name="test_create_payment_nonexistent_order" time="0.050" /><testcase classname="backend.tests.test_iteration10_mollie.TestCreatePayment" name="test_create_payment_already_paid_order" time="1.609" /><testcase classname="backend.tests.test_iteration10_mollie.TestStatusEndpoint" name="test_status_mismatched_params" time="0.093" /><testcase classname="backend.tests.test_iteration10_mollie.TestStatusEndpoint" name="test_status_unknown_payment_id" time="0.054" /><testcase classname="backend.tests.test_iteration10_mollie.TestMollieWebhook" name="test_webhook_form_body_invalid_id" time="0.311" /><testcase classname="backend.tests.test_iteration10_mollie.TestMollieWebhook" name="test_webhook_no_id" time="0.127" /><testcase classname="backend.tests.test_iteration10_mollie.TestMollieWebhook" name="test_webhook_unknown_valid_id" time="0.398" /><testcase classname="backend.tests.test_iteration10_mollie.TestMollieWebhook" name="test_webhook_idempotence_for_known_payment" time="1.475" /><testcase classname="backend.tests.test_iteration10_mollie.TestCurrencyLocale" name="test_currency_field_present" time="1.927" /><testcase classname="backend.tests.test_iteration10_mollie.TestRegression" name="test_login_admin" time="0.273"><failure message="AssertionError: assert 'user' in {'created_at': '2026-04-20T08:53:24.343136+00:00', 'email': 'admin@conceptfactory.fr', 'id': '69e5e9842446df29e5036516', 'name': 'Admin', ...}&#10; +  where {'created_at': '2026-04-20T08:53:24.343136+00:00', 'email': 'admin@conceptfactory.fr', 'id': '69e5e9842446df29e5036516', 'name': 'Admin', ...} = json()&#10; +    where json = &lt;Response [200]&gt;.json">backend/tests/test_iteration10_mollie.py:218: in test_login_admin
    assert "user" in r.json()
E   AssertionError: assert 'user' in {'created_at': '2026-04-20T08:53:24.343136+00:00', 'email': 'admin@conceptfactory.fr', 'id': '69e5e9842446df29e5036516', 'name': 'Admin', ...}
E    +  where {'created_at': '2026-04-20T08:53:24.343136+00:00', 'email': 'admin@conceptfactory.fr', 'id': '69e5e9842446df29e5036516', 'name': 'Admin', ...} = json()
E    +    where json = &lt;Response [200]&gt;.json</failure></testcase><testcase classname="backend.tests.test_iteration10_mollie.TestRegression" name="test_public_site_still_works" time="0.115" /><testcase classname="backend.tests.test_iteration10_mollie.TestRegression" name="test_public_products_still_works" time="0.125" /></testsuite></testsuites>