<?xml version="1.0" encoding="utf-8"?><testsuites name="pytest tests"><testsuite name="pytest" errors="0" failures="0" skipped="0" tests="14" time="1.270" timestamp="2026-04-22T08:05:18.370018+00:00" hostname="agent-env-cc1144b7-b77d-4b46-9065-c5d45ee57ccd"><testcase classname="backend.tests.test_iteration18_customer_orders.TestCustomerSanity" name="test_me" time="0.505" /><testcase classname="backend.tests.test_iteration18_customer_orders.TestCustomerSanity" name="test_orders_list_contains_seeded" time="0.045" /><testcase classname="backend.tests.test_iteration18_customer_orders.TestCustomerOrderDetail" name="test_detail_by_order_number_delivered" time="0.046" /><testcase classname="backend.tests.test_iteration18_customer_orders.TestCustomerOrderDetail" name="test_detail_by_id" time="0.093" /><testcase classname="backend.tests.test_iteration18_customer_orders.TestCustomerOrderDetail" name="test_detail_shipped_has_tracking" time="0.049" /><testcase classname="backend.tests.test_iteration18_customer_orders.TestCustomerOrderDetail" name="test_detail_requires_auth" time="0.042" /><testcase classname="backend.tests.test_iteration18_customer_orders.TestCustomerOrderDetail" name="test_detail_invalid_token" time="0.043" /><testcase classname="backend.tests.test_iteration18_customer_orders.TestCustomerOrderDetail" name="test_detail_nonexistent_order" time="0.045" /><testcase classname="backend.tests.test_iteration18_customer_orders.TestGuestTracking" name="test_no_email_returns_400" time="0.043" /><testcase classname="backend.tests.test_iteration18_customer_orders.TestGuestTracking" name="test_empty_email_returns_400" time="0.082" /><testcase classname="backend.tests.test_iteration18_customer_orders.TestGuestTracking" name="test_wrong_email_returns_403" time="0.050" /><testcase classname="backend.tests.test_iteration18_customer_orders.TestGuestTracking" name="test_correct_email_returns_order" time="0.045" /><testcase classname="backend.tests.test_iteration18_customer_orders.TestGuestTracking" name="test_nonexistent_order_returns_404" time="0.046" /><testcase classname="backend.tests.test_iteration18_customer_orders.TestGuestTracking" name="test_case_insensitive_email" time="0.045" /></testsuite></testsuites>