<?xml version="1.0" encoding="utf-8"?><testsuites name="pytest tests"><testsuite name="pytest" errors="0" failures="0" skipped="0" tests="19" time="1.999" timestamp="2026-04-21T07:55:03.707051+00:00" hostname="agent-env-cc1144b7-b77d-4b46-9065-c5d45ee57ccd"><testcase classname="backend.tests.test_iteration13_sourcing_wizard_seo.TestSourcing" name="test_providers_list" time="0.410" /><testcase classname="backend.tests.test_iteration13_sourcing_wizard_seo.TestSourcing" name="test_search_empty_keyword_400" time="0.043" /><testcase classname="backend.tests.test_iteration13_sourcing_wizard_seo.TestSourcing" name="test_search_returns_empty_no_500" time="0.043" /><testcase classname="backend.tests.test_iteration13_sourcing_wizard_seo.TestSourcing" name="test_import_product" time="0.104" /><testcase classname="backend.tests.test_iteration13_sourcing_wizard_seo.TestWizard" name="test_get_wizard_10_steps" time="0.045" /><testcase classname="backend.tests.test_iteration13_sourcing_wizard_seo.TestWizard" name="test_auto_detect_sourcing_done" time="0.047" /><testcase classname="backend.tests.test_iteration13_sourcing_wizard_seo.TestWizard" name="test_mark_step_done_and_pending" time="0.095" /><testcase classname="backend.tests.test_iteration13_sourcing_wizard_seo.TestWizard" name="test_invalid_step_400" time="0.042" /><testcase classname="backend.tests.test_iteration13_sourcing_wizard_seo.TestSEO" name="test_sitemap_valid_xml_with_hreflang" time="0.100" /><testcase classname="backend.tests.test_iteration13_sourcing_wizard_seo.TestSEO" name="test_robots_txt" time="0.111" /><testcase classname="backend.tests.test_iteration13_sourcing_wizard_seo.TestSEO" name="test_merchant_feed_per_country[FR-EUR]" time="0.172" /><testcase classname="backend.tests.test_iteration13_sourcing_wizard_seo.TestSEO" name="test_merchant_feed_per_country[DE-EUR]" time="0.105" /><testcase classname="backend.tests.test_iteration13_sourcing_wizard_seo.TestSEO" name="test_merchant_feed_per_country[BE-EUR]" time="0.118" /><testcase classname="backend.tests.test_iteration13_sourcing_wizard_seo.TestSEO" name="test_merchant_feed_per_country[NL-EUR]" time="0.104" /><testcase classname="backend.tests.test_iteration13_sourcing_wizard_seo.TestSEO" name="test_merchant_feed_per_country[UK-GBP]" time="0.106" /><testcase classname="backend.tests.test_iteration13_sourcing_wizard_seo.TestSEO" name="test_merchant_feed_per_country[CH-CHF]" time="0.106" /><testcase classname="backend.tests.test_iteration13_sourcing_wizard_seo.TestRegression" name="test_auth_me" time="0.042" /><testcase classname="backend.tests.test_iteration13_sourcing_wizard_seo.TestRegression" name="test_sites_list" time="0.057" /><testcase classname="backend.tests.test_iteration13_sourcing_wizard_seo.TestRegression" name="test_products_list" time="0.044" /></testsuite></testsuites>