<?xml version="1.0" encoding="utf-8"?><testsuites name="pytest tests"><testsuite name="pytest" errors="0" failures="0" skipped="0" tests="21" time="5.014" timestamp="2026-04-20T16:02:17.195043+00:00" hostname="agent-env-cc1144b7-b77d-4b46-9065-c5d45ee57ccd"><testcase classname="backend.tests.test_iteration11_billing.TestCard" name="test_card_status_initial" time="0.611" /><testcase classname="backend.tests.test_iteration11_billing.TestCard" name="test_card_setup" time="0.900" /><testcase classname="backend.tests.test_iteration11_billing.TestCard" name="test_card_status_after_setup" time="0.059" /><testcase classname="backend.tests.test_iteration11_billing.TestCard" name="test_card_setup_idempotent_customer" time="0.781" /><testcase classname="backend.tests.test_iteration11_billing.TestCard" name="test_card_delete" time="0.064" /><testcase classname="backend.tests.test_iteration11_billing.TestIban" name="test_iban_invalid_rejected" time="0.287" /><testcase classname="backend.tests.test_iteration11_billing.TestIban" name="test_iban_valid_save" time="0.065" /><testcase classname="backend.tests.test_iteration11_billing.TestIban" name="test_iban_get_masked" time="0.066" /><testcase classname="backend.tests.test_iteration11_billing.TestIban" name="test_iban_delete" time="0.201" /><testcase classname="backend.tests.test_iteration11_billing.TestBalance" name="test_balance_shape" time="0.060" /><testcase classname="backend.tests.test_iteration11_billing.TestBalance" name="test_ledger_sorted_desc" time="0.066" /><testcase classname="backend.tests.test_iteration11_billing.TestAdsActivation" name="test_activate_blocked_without_mandate" time="0.905" /><testcase classname="backend.tests.test_iteration11_billing.TestAdsActivation" name="test_deactivate_ok" time="0.088" /><testcase classname="backend.tests.test_iteration11_billing.TestAdminCockpit" name="test_overview_admin" time="0.096" /><testcase classname="backend.tests.test_iteration11_billing.TestAdminCockpit" name="test_overview_forbidden_for_concepteur" time="0.068" /><testcase classname="backend.tests.test_iteration11_billing.TestAdminCockpit" name="test_payouts_preview" time="0.092" /><testcase classname="backend.tests.test_iteration11_billing.TestAdminCockpit" name="test_run_payouts" time="0.076" /><testcase classname="backend.tests.test_iteration11_billing.TestAdminCockpit" name="test_sepa_xml" time="0.079" /><testcase classname="backend.tests.test_iteration11_billing.TestAdminCockpit" name="test_run_weekly_debits_smoke" time="0.061" /><testcase classname="backend.tests.test_iteration11_billing.TestAuthGate" name="test_card_requires_auth" time="0.129" /><testcase classname="backend.tests.test_iteration11_billing.TestAuthGate" name="test_iban_requires_auth" time="0.146" /></testsuite></testsuites>