<?xml version="1.0" encoding="utf-8"?><testsuites name="pytest tests"><testsuite name="pytest" errors="0" failures="0" skipped="0" tests="9" time="2.721" timestamp="2026-04-20T13:53:44.276522+00:00" hostname="agent-env-cc1144b7-b77d-4b46-9065-c5d45ee57ccd"><testcase classname="backend.tests.test_iteration7" name="test_scale_to_2_countries" time="1.079" /><testcase classname="backend.tests.test_iteration7" name="test_scale_rejects_invalid_country" time="0.115" /><testcase classname="backend.tests.test_iteration7" name="test_scale_rejects_empty_list" time="0.115" /><testcase classname="backend.tests.test_iteration7" name="test_scale_with_custom_domains" time="0.232" /><testcase classname="backend.tests.test_iteration7" name="test_scale_rejects_invalid_domain" time="0.111" /><testcase classname="backend.tests.test_iteration7" name="test_scale_rejects_duplicate_domain_across_countries" time="0.112" /><testcase classname="backend.tests.test_iteration7" name="test_scale_siblings_endpoint" time="0.334" /><testcase classname="backend.tests.test_iteration7" name="test_scale_copies_products_as_draft" time="0.290" /><testcase classname="backend.tests.test_iteration7" name="test_scale_requires_access" time="0.264" /></testsuite></testsuites>