<?xml version="1.0" encoding="utf-8"?><testsuites name="pytest tests"><testsuite name="pytest" errors="0" failures="0" skipped="0" tests="7" time="1.357" timestamp="2026-04-22T07:12:53.920455+00:00" hostname="agent-env-cc1144b7-b77d-4b46-9065-c5d45ee57ccd"><testcase classname="backend.tests.test_iteration17_seo_reviews.TestSeoAudit" name="test_seo_audit_returns_full_payload" time="0.431" /><testcase classname="backend.tests.test_iteration17_seo_reviews.TestSeoAudit" name="test_seo_audit_not_found" time="0.046" /><testcase classname="backend.tests.test_iteration17_seo_reviews.TestSeoAudit" name="test_seo_audit_requires_auth" time="0.105" /><testcase classname="backend.tests.test_iteration17_seo_reviews.TestReviewsCron" name="test_check_due_invitations" time="0.392" /><testcase classname="backend.tests.test_iteration17_seo_reviews.TestMarkDelivered" name="test_mark_delivered_endpoint_shape" time="0.100" /><testcase classname="backend.tests.test_iteration17_seo_reviews.TestHookBlogSeed" name="test_hook27_registered" time="0.000" /><testcase classname="backend.tests.test_iteration17_seo_reviews.TestHookBlogSeed" name="test_prompt27_step_exists_and_save_ai" time="0.212" /></testsuite></testsuites>