<?xml version="1.0" encoding="utf-8"?><testsuites name="pytest tests"><testsuite name="pytest" errors="0" failures="1" skipped="0" tests="12" time="72.782" timestamp="2026-04-20T10:40:22.701747+00:00" hostname="agent-env-cc1144b7-b77d-4b46-9065-c5d45ee57ccd"><testcase classname="tests.backend_test.TestAuth" name="test_login_returns_user_and_cookies" time="1.107" /><testcase classname="tests.backend_test.TestAuth" name="test_login_bad_password" time="0.326" /><testcase classname="tests.backend_test.TestAuth" name="test_niches_requires_auth" time="0.105" /><testcase classname="tests.backend_test.TestAuth" name="test_countries_requires_auth" time="0.106" /><testcase classname="tests.backend_test.TestNiches" name="test_list_20_niches_sorted_by_rank" time="0.049" /><testcase classname="tests.backend_test.TestNiches" name="test_niche_detail_canne_pliante" time="0.047" /><testcase classname="tests.backend_test.TestNiches" name="test_niche_not_found" time="0.044" /><testcase classname="tests.backend_test.TestNiches" name="test_countries_list" time="0.050" /><testcase classname="tests.backend_test.TestSitesAndSteps" name="test_site_creation_persists_niche_slug" time="0.097" /><testcase classname="tests.backend_test.TestSitesAndSteps" name="test_step_auto_progression" time="0.204" /><testcase classname="tests.backend_test.TestSitesAndSteps" name="test_submit_without_deliverable_fails" time="0.154" /><testcase classname="tests.backend_test.TestLLMExecute" name="test_execute_budget_or_success" time="70.194"><failure message="requests.exceptions.ReadTimeout: HTTPSConnectionPool(host='senior-france.preview.emergentagent.com', port=443): Read timed out. (read timeout=10)">tests/backend_test.py:190: in test_execute_budget_or_success
    assert r.status_code in (200, 402, 401), f"Unexpected status {r.status_code}: {r.text}"
E   AssertionError: Unexpected status 502: The preview environment is not responding. It may be starting up.
E     
E   assert 502 in (200, 402, 401)
E    +  where 502 = &lt;Response [502]&gt;.status_code

During handling of the above exception, another exception occurred:
/root/.venv/lib/python3.11/site-packages/urllib3/connectionpool.py:534: in _make_request
    response = conn.getresponse()
               ^^^^^^^^^^^^^^^^^^
/root/.venv/lib/python3.11/site-packages/urllib3/connection.py:571: in getresponse
    httplib_response = super().getresponse()
                       ^^^^^^^^^^^^^^^^^^^^^
/usr/local/lib/python3.11/http/client.py:1415: in getresponse
    response.begin()
/usr/local/lib/python3.11/http/client.py:330: in begin
    version, status, reason = self._read_status()
                              ^^^^^^^^^^^^^^^^^^^
/usr/local/lib/python3.11/http/client.py:291: in _read_status
    line = str(self.fp.readline(_MAXLINE + 1), "iso-8859-1")
               ^^^^^^^^^^^^^^^^^^^^^^^^^^^^^^
/usr/local/lib/python3.11/socket.py:718: in readinto
    return self._sock.recv_into(b)
           ^^^^^^^^^^^^^^^^^^^^^^^
/usr/local/lib/python3.11/ssl.py:1314: in recv_into
    return self.read(nbytes, buffer)
           ^^^^^^^^^^^^^^^^^^^^^^^^^
/usr/local/lib/python3.11/ssl.py:1166: in read
    return self._sslobj.read(len, buffer)
           ^^^^^^^^^^^^^^^^^^^^^^^^^^^^^^
E   TimeoutError: The read operation timed out

The above exception was the direct cause of the following exception:
/root/.venv/lib/python3.11/site-packages/requests/adapters.py:645: in send
    resp = conn.urlopen(
/root/.venv/lib/python3.11/site-packages/urllib3/connectionpool.py:841: in urlopen
    retries = retries.increment(
/root/.venv/lib/python3.11/site-packages/urllib3/util/retry.py:490: in increment
    raise reraise(type(error), error, _stacktrace)
          ^^^^^^^^^^^^^^^^^^^^^^^^^^^^^^^^^^^^^^^^
/root/.venv/lib/python3.11/site-packages/urllib3/util/util.py:39: in reraise
    raise value
/root/.venv/lib/python3.11/site-packages/urllib3/connectionpool.py:787: in urlopen
    response = self._make_request(
/root/.venv/lib/python3.11/site-packages/urllib3/connectionpool.py:536: in _make_request
    self._raise_timeout(err=e, url=url, timeout_value=read_timeout)
/root/.venv/lib/python3.11/site-packages/urllib3/connectionpool.py:367: in _raise_timeout
    raise ReadTimeoutError(
E   urllib3.exceptions.ReadTimeoutError: HTTPSConnectionPool(host='senior-france.preview.emergentagent.com', port=443): Read timed out. (read timeout=10)

During handling of the above exception, another exception occurred:
tests/backend_test.py:198: in test_execute_budget_or_success
    admin_session.delete(f"{BASE_URL}/api/sites/{site['id']}", timeout=10)
/root/.venv/lib/python3.11/site-packages/requests/sessions.py:674: in delete
    return self.request("DELETE", url, **kwargs)
           ^^^^^^^^^^^^^^^^^^^^^^^^^^^^^^^^^^^^^
/root/.venv/lib/python3.11/site-packages/requests/sessions.py:592: in request
    resp = self.send(prep, **send_kwargs)
           ^^^^^^^^^^^^^^^^^^^^^^^^^^^^^^
/root/.venv/lib/python3.11/site-packages/requests/sessions.py:706: in send
    r = adapter.send(request, **kwargs)
        ^^^^^^^^^^^^^^^^^^^^^^^^^^^^^^^
/root/.venv/lib/python3.11/site-packages/requests/adapters.py:691: in send
    raise ReadTimeout(e, request=request)
E   requests.exceptions.ReadTimeout: HTTPSConnectionPool(host='senior-france.preview.emergentagent.com', port=443): Read timed out. (read timeout=10)</failure></testcase></testsuite></testsuites>