<?xml version="1.0" encoding="utf-8"?><testsuites name="pytest tests"><testsuite name="pytest" errors="0" failures="0" skipped="0" tests="27" time="3.343" timestamp="2026-04-20T11:45:44.858737+00:00" hostname="agent-env-cc1144b7-b77d-4b46-9065-c5d45ee57ccd"><testcase classname="backend.tests.test_admin_ops.TestNonRegression" name="test_auth_me" time="0.403" /><testcase classname="backend.tests.test_admin_ops.TestNonRegression" name="test_auth_login_wrong_password" time="0.327" /><testcase classname="backend.tests.test_admin_ops.TestNonRegression" name="test_sites_list" time="0.053" /><testcase classname="backend.tests.test_admin_ops.TestNonRegression" name="test_site_get" time="0.099" /><testcase classname="backend.tests.test_admin_ops.TestNonRegression" name="test_steps_list" time="0.068" /><testcase classname="backend.tests.test_admin_ops.TestNonRegression" name="test_products_list" time="0.100" /><testcase classname="backend.tests.test_admin_ops.TestNonRegression" name="test_niches_catalog" time="0.049" /><testcase classname="backend.tests.test_admin_ops.TestNonRegression" name="test_dashboard" time="0.057" /><testcase classname="backend.tests.test_admin_ops.TestNonRegression" name="test_meta_phases" time="0.047" /><testcase classname="backend.tests.test_admin_ops.TestNonRegression" name="test_public_site" time="0.104" /><testcase classname="backend.tests.test_admin_ops.TestNonRegression" name="test_public_products" time="0.104" /><testcase classname="backend.tests.test_admin_ops.TestNonRegression" name="test_site_level_orders_requires_auth" time="0.107" /><testcase classname="backend.tests.test_admin_ops.TestAdminOrders" name="test_admin_orders_requires_auth" time="0.142" /><testcase classname="backend.tests.test_admin_ops.TestAdminOrders" name="test_admin_orders_requires_admin_role" time="0.094" /><testcase classname="backend.tests.test_admin_ops.TestAdminOrders" name="test_admin_orders_list_shape" time="0.164" /><testcase classname="backend.tests.test_admin_ops.TestAdminOrders" name="test_admin_orders_no_meta_ip_leak" time="0.051" /><testcase classname="backend.tests.test_admin_ops.TestAdminOrders" name="test_admin_orders_filter_by_status" time="0.049" /><testcase classname="backend.tests.test_admin_ops.TestAdminOrders" name="test_admin_orders_filter_by_site" time="0.048" /><testcase classname="backend.tests.test_admin_ops.TestAdminOrders" name="test_admin_orders_filter_by_q" time="0.054" /><testcase classname="backend.tests.test_admin_ops.TestAdminOrders" name="test_admin_orders_stats_shape" time="0.046" /><testcase classname="backend.tests.test_admin_ops.TestAdminOrders" name="test_admin_patch_order_valid_transition" time="0.049" /><testcase classname="backend.tests.test_admin_ops.TestAdminOrders" name="test_admin_patch_order_invalid_transition" time="0.047" /><testcase classname="backend.tests.test_admin_ops.TestAdminOrders" name="test_admin_patch_order_invalid_status" time="0.047" /><testcase classname="backend.tests.test_admin_ops.TestAdminOrders" name="test_admin_patch_order_not_found" time="0.050" /><testcase classname="backend.tests.test_admin_ops.TestAdminOrders" name="test_admin_orders_export_csv" time="0.048" /><testcase classname="backend.tests.test_admin_ops.TestPublicOrderNoLeak" name="test_public_lookup_no_meta_ip_and_no_status_history" time="0.269" /><testcase classname="backend.tests.test_admin_ops.TestRateLimit" name="test_rate_limit_11th_request_returns_429" time="0.569" /></testsuite></testsuites>