<?xml version="1.0" encoding="utf-8"?><testsuites name="pytest tests"><testsuite name="pytest" errors="0" failures="0" skipped="0" tests="13" time="44.031" timestamp="2026-04-20T12:56:26.680748+00:00" hostname="agent-env-cc1144b7-b77d-4b46-9065-c5d45ee57ccd"><testcase classname="backend.tests.test_sprint6" name="test_route_ordering_analyses_not_matching_slug" time="0.471" /><testcase classname="backend.tests.test_sprint6" name="test_analyses_auth_required" time="0.138" /><testcase classname="backend.tests.test_sprint6" name="test_history_empty_or_trimmed" time="0.399" /><testcase classname="backend.tests.test_sprint6" name="test_history_get_unknown_id_404" time="0.046" /><testcase classname="backend.tests.test_sprint6" name="test_analyze_requires_auth" time="0.112" /><testcase classname="backend.tests.test_sprint6" name="test_analyze_validates_input" time="0.043" /><testcase classname="backend.tests.test_sprint6" name="test_analyze_full_flow_or_graceful_402" time="42.105" /><testcase classname="backend.tests.test_sprint6" name="test_analysis_scoped_per_user" time="0.096" /><testcase classname="backend.tests.test_sprint6" name="test_operator_can_create_site" time="0.101" /><testcase classname="backend.tests.test_sprint6" name="test_operator_cannot_assign_other_operator" time="0.101" /><testcase classname="backend.tests.test_sprint6" name="test_admin_can_assign_operator_id" time="0.102" /><testcase classname="backend.tests.test_sprint6" name="test_resync_404_product_not_found" time="0.106" /><testcase classname="backend.tests.test_sprint6" name="test_resync_400_when_no_supplier_url" time="0.145" /></testsuite></testsuites>