<?xml version="1.0" encoding="utf-8"?><testsuites name="pytest tests"><testsuite name="pytest" errors="0" failures="0" skipped="0" tests="21" time="2.989" timestamp="2026-04-20T11:10:56.577010+00:00" hostname="agent-env-cc1144b7-b77d-4b46-9065-c5d45ee57ccd"><testcase classname="backend.tests.test_shop.TestProductsCRUD" name="test_list_products_requires_auth" time="0.592" /><testcase classname="backend.tests.test_shop.TestProductsCRUD" name="test_create_product_i18n" time="0.095" /><testcase classname="backend.tests.test_shop.TestProductsCRUD" name="test_create_second_featured_product" time="0.048" /><testcase classname="backend.tests.test_shop.TestProductsCRUD" name="test_create_draft_product_should_not_leak_public" time="0.047" /><testcase classname="backend.tests.test_shop.TestProductsCRUD" name="test_list_products_admin_sees_all" time="0.047" /><testcase classname="backend.tests.test_shop.TestProductsCRUD" name="test_patch_product_partial" time="0.050" /><testcase classname="backend.tests.test_shop.TestProductsCRUD" name="test_patch_status_to_draft_hides_from_public" time="0.256" /><testcase classname="backend.tests.test_shop.TestProductsCRUD" name="test_delete_product_then_404" time="0.149" /><testcase classname="backend.tests.test_shop.TestPublicStorefront" name="test_public_site_no_auth" time="0.122" /><testcase classname="backend.tests.test_shop.TestPublicStorefront" name="test_public_site_404" time="0.100" /><testcase classname="backend.tests.test_shop.TestPublicStorefront" name="test_public_products_only_active_and_featured_first" time="0.113" /><testcase classname="backend.tests.test_shop.TestPublicStorefront" name="test_public_product_detail_active_only" time="0.222" /><testcase classname="backend.tests.test_shop.TestPublicOrders" name="test_order_empty_items_400" time="0.164" /><testcase classname="backend.tests.test_shop.TestPublicOrders" name="test_order_invalid_site_404" time="0.106" /><testcase classname="backend.tests.test_shop.TestPublicOrders" name="test_order_under_50_has_shipping_fee" time="0.125" /><testcase classname="backend.tests.test_shop.TestPublicOrders" name="test_order_50_plus_free_shipping" time="0.157" /><testcase classname="backend.tests.test_shop.TestPublicOrders" name="test_server_recomputes_total_ignoring_client_hint" time="0.109" /><testcase classname="backend.tests.test_shop.TestPublicOrders" name="test_order_lookup_by_number" time="0.097" /><testcase classname="backend.tests.test_shop.TestPublicOrders" name="test_order_lookup_unknown_404" time="0.109" /><testcase classname="backend.tests.test_shop.TestPublicOrders" name="test_admin_orders_list" time="0.050" /><testcase classname="backend.tests.test_shop.TestPublicOrders" name="test_admin_orders_requires_auth" time="0.161" /></testsuite></testsuites>