<?xml version="1.0" encoding="utf-8"?><testsuites name="pytest tests"><testsuite name="pytest" errors="0" failures="0" skipped="0" tests="13" time="10.025" timestamp="2026-04-20T16:03:17.489637+00:00" hostname="agent-env-cc1144b7-b77d-4b46-9065-c5d45ee57ccd"><testcase classname="backend.tests.test_iteration10_mollie.TestCreatePayment" name="test_create_payment_happy_path" time="2.431" /><testcase classname="backend.tests.test_iteration10_mollie.TestCreatePayment" name="test_create_payment_nonexistent_order" time="0.051" /><testcase classname="backend.tests.test_iteration10_mollie.TestCreatePayment" name="test_create_payment_already_paid_order" time="2.551" /><testcase classname="backend.tests.test_iteration10_mollie.TestStatusEndpoint" name="test_status_mismatched_params" time="0.099" /><testcase classname="backend.tests.test_iteration10_mollie.TestStatusEndpoint" name="test_status_unknown_payment_id" time="0.056" /><testcase classname="backend.tests.test_iteration10_mollie.TestMollieWebhook" name="test_webhook_form_body_invalid_id" time="0.391" /><testcase classname="backend.tests.test_iteration10_mollie.TestMollieWebhook" name="test_webhook_no_id" time="0.121" /><testcase classname="backend.tests.test_iteration10_mollie.TestMollieWebhook" name="test_webhook_unknown_valid_id" time="0.296" /><testcase classname="backend.tests.test_iteration10_mollie.TestMollieWebhook" name="test_webhook_idempotence_for_known_payment" time="1.296" /><testcase classname="backend.tests.test_iteration10_mollie.TestCurrencyLocale" name="test_currency_field_present" time="2.110" /><testcase classname="backend.tests.test_iteration10_mollie.TestRegression" name="test_login_admin" time="0.297" /><testcase classname="backend.tests.test_iteration10_mollie.TestRegression" name="test_public_site_still_works" time="0.124" /><testcase classname="backend.tests.test_iteration10_mollie.TestRegression" name="test_public_products_still_works" time="0.131" /></testsuite></testsuites>