<?xml version="1.0" encoding="utf-8"?><testsuites name="pytest tests"><testsuite name="pytest" errors="0" failures="0" skipped="0" tests="23" time="54.509" timestamp="2026-04-20T13:56:36.990437+00:00" hostname="agent-env-cc1144b7-b77d-4b46-9065-c5d45ee57ccd"><testcase classname="backend.tests.test_iteration6" name="test_duplicate_preserves_50_steps_and_clones_products" time="1.113" /><testcase classname="backend.tests.test_iteration6" name="test_duplicate_without_products_has_empty_catalog" time="0.622" /><testcase classname="backend.tests.test_iteration6" name="test_duplicate_cross_user_forbidden" time="0.838" /><testcase classname="backend.tests.test_iteration6" name="test_domain_get_returns_cname_target" time="0.052" /><testcase classname="backend.tests.test_iteration6" name="test_domain_set_invalid_rejected" time="0.254" /><testcase classname="backend.tests.test_iteration6" name="test_domain_set_valid_and_clear" time="0.222" /><testcase classname="backend.tests.test_iteration6" name="test_domain_uniqueness" time="0.298" /><testcase classname="backend.tests.test_iteration6" name="test_public_resolve_requires_verified" time="0.217" /><testcase classname="backend.tests.test_iteration5" name="test_meta_blocks" time="0.394" /><testcase classname="backend.tests.test_iteration5" name="test_meta_phases_backward_compat" time="0.051" /><testcase classname="backend.tests.test_iteration5" name="test_steps_have_block_fields" time="0.146" /><testcase classname="backend.tests.test_iteration5" name="test_backfill_all_steps_have_block" time="0.702" /><testcase classname="backend.tests.test_iteration5" name="test_generate_fr_ads_copy" time="23.739" /><testcase classname="backend.tests.test_iteration5" name="test_generate_de_ads_copy" time="24.809" /><testcase classname="backend.tests.test_iteration5" name="test_generate_invalid_country" time="0.067" /><testcase classname="backend.tests.test_iteration5" name="test_list_ads_copy" time="0.058" /><testcase classname="backend.tests.test_iteration5" name="test_get_ads_copy_detail" time="0.055" /><testcase classname="backend.tests.test_iteration5" name="test_export_csv" time="0.094" /><testcase classname="backend.tests.test_iteration5" name="test_cross_site_forbidden" time="0.213" /><testcase classname="backend.tests.test_iteration5" name="test_delete_ads_copy" time="0.107" /><testcase classname="backend.tests.test_iteration5" name="test_health" time="0.051" /><testcase classname="backend.tests.test_iteration5" name="test_sites_list_regression" time="0.073" /><testcase classname="backend.tests.test_iteration5" name="test_truncate_unit" time="0.256" /></testsuite></testsuites>