<?xml version="1.0" encoding="utf-8"?><testsuites name="pytest tests"><testsuite name="pytest" errors="0" failures="0" skipped="0" tests="36" time="97.015" timestamp="2026-04-20T14:34:51.727470+00:00" hostname="agent-env-cc1144b7-b77d-4b46-9065-c5d45ee57ccd"><testcase classname="backend.tests.test_iteration5" name="test_meta_blocks" time="0.452" /><testcase classname="backend.tests.test_iteration5" name="test_meta_phases_backward_compat" time="0.052" /><testcase classname="backend.tests.test_iteration5" name="test_steps_have_block_fields" time="0.132" /><testcase classname="backend.tests.test_iteration5" name="test_backfill_all_steps_have_block" time="0.878" /><testcase classname="backend.tests.test_iteration5" name="test_generate_fr_ads_copy" time="22.940" /><testcase classname="backend.tests.test_iteration5" name="test_generate_de_ads_copy" time="24.136" /><testcase classname="backend.tests.test_iteration5" name="test_generate_invalid_country" time="0.063" /><testcase classname="backend.tests.test_iteration5" name="test_list_ads_copy" time="0.053" /><testcase classname="backend.tests.test_iteration5" name="test_get_ads_copy_detail" time="0.057" /><testcase classname="backend.tests.test_iteration5" name="test_export_csv" time="0.060" /><testcase classname="backend.tests.test_iteration5" name="test_cross_site_forbidden" time="0.183" /><testcase classname="backend.tests.test_iteration5" name="test_delete_ads_copy" time="0.115" /><testcase classname="backend.tests.test_iteration5" name="test_health" time="0.055" /><testcase classname="backend.tests.test_iteration5" name="test_sites_list_regression" time="0.059" /><testcase classname="backend.tests.test_iteration5" name="test_truncate_unit" time="0.270" /><testcase classname="backend.tests.test_iteration6" name="test_duplicate_preserves_50_steps_and_clones_products" time="1.074" /><testcase classname="backend.tests.test_iteration6" name="test_duplicate_without_products_has_empty_catalog" time="0.526" /><testcase classname="backend.tests.test_iteration6" name="test_duplicate_cross_user_forbidden" time="0.829" /><testcase classname="backend.tests.test_iteration6" name="test_domain_get_returns_cname_target" time="0.054" /><testcase classname="backend.tests.test_iteration6" name="test_domain_set_invalid_rejected" time="0.349" /><testcase classname="backend.tests.test_iteration6" name="test_domain_set_valid_and_clear" time="0.206" /><testcase classname="backend.tests.test_iteration6" name="test_domain_uniqueness" time="0.251" /><testcase classname="backend.tests.test_iteration6" name="test_public_resolve_requires_verified" time="0.299" /><testcase classname="backend.tests.test_iteration7" name="test_scale_to_2_countries" time="1.033" /><testcase classname="backend.tests.test_iteration7" name="test_scale_rejects_invalid_country" time="0.150" /><testcase classname="backend.tests.test_iteration7" name="test_scale_rejects_empty_list" time="0.127" /><testcase classname="backend.tests.test_iteration7" name="test_scale_with_custom_domains" time="0.251" /><testcase classname="backend.tests.test_iteration7" name="test_scale_rejects_invalid_domain" time="0.130" /><testcase classname="backend.tests.test_iteration7" name="test_scale_rejects_duplicate_domain_across_countries" time="0.117" /><testcase classname="backend.tests.test_iteration7" name="test_scale_siblings_endpoint" time="0.351" /><testcase classname="backend.tests.test_iteration7" name="test_scale_copies_products_as_draft" time="0.300" /><testcase classname="backend.tests.test_iteration7" name="test_scale_requires_access" time="0.301" /><testcase classname="backend.tests.test_iteration7_extra" name="test_cross_site_domain_uniqueness_returns_409" time="1.108" /><testcase classname="backend.tests.test_iteration7_extra" name="test_generate_ads_copy_scheduled_count" time="39.294" /><testcase classname="backend.tests.test_iteration7_extra" name="test_total_daily_budget_scales_linearly" time="0.326" /><testcase classname="backend.tests.test_iteration7_extra" name="test_copy_products_false_yields_empty_catalog" time="0.339" /></testsuite></testsuites>