<?xml version="1.0" encoding="utf-8"?><testsuites name="pytest tests"><testsuite name="pytest" errors="0" failures="0" skipped="0" tests="44" time="75.622" timestamp="2026-04-20T15:02:15.278661+00:00" hostname="agent-env-cc1144b7-b77d-4b46-9065-c5d45ee57ccd"><testcase classname="tests.test_iteration5" name="test_meta_blocks" time="0.461" /><testcase classname="tests.test_iteration5" name="test_meta_phases_backward_compat" time="0.055" /><testcase classname="tests.test_iteration5" name="test_steps_have_block_fields" time="0.131" /><testcase classname="tests.test_iteration5" name="test_backfill_all_steps_have_block" time="0.728" /><testcase classname="tests.test_iteration5" name="test_generate_fr_ads_copy" time="21.073" /><testcase classname="tests.test_iteration5" name="test_generate_de_ads_copy" time="22.036" /><testcase classname="tests.test_iteration5" name="test_generate_invalid_country" time="0.062" /><testcase classname="tests.test_iteration5" name="test_list_ads_copy" time="0.057" /><testcase classname="tests.test_iteration5" name="test_get_ads_copy_detail" time="0.052" /><testcase classname="tests.test_iteration5" name="test_export_csv" time="0.063" /><testcase classname="tests.test_iteration5" name="test_cross_site_forbidden" time="0.175" /><testcase classname="tests.test_iteration5" name="test_delete_ads_copy" time="0.113" /><testcase classname="tests.test_iteration5" name="test_health" time="0.060" /><testcase classname="tests.test_iteration5" name="test_sites_list_regression" time="0.057" /><testcase classname="tests.test_iteration5" name="test_truncate_unit" time="0.270" /><testcase classname="tests.test_iteration6" name="test_duplicate_preserves_50_steps_and_clones_products" time="1.150" /><testcase classname="tests.test_iteration6" name="test_duplicate_without_products_has_empty_catalog" time="0.543" /><testcase classname="tests.test_iteration6" name="test_duplicate_cross_user_forbidden" time="0.932" /><testcase classname="tests.test_iteration6" name="test_domain_get_returns_cname_target" time="0.057" /><testcase classname="tests.test_iteration6" name="test_domain_set_invalid_rejected" time="0.396" /><testcase classname="tests.test_iteration6" name="test_domain_set_valid_and_clear" time="0.233" /><testcase classname="tests.test_iteration6" name="test_domain_uniqueness" time="0.307" /><testcase classname="tests.test_iteration6" name="test_public_resolve_requires_verified" time="0.231" /><testcase classname="tests.test_iteration7" name="test_scale_to_2_countries" time="1.030" /><testcase classname="tests.test_iteration7" name="test_scale_rejects_invalid_country" time="0.108" /><testcase classname="tests.test_iteration7" name="test_scale_rejects_empty_list" time="0.113" /><testcase classname="tests.test_iteration7" name="test_scale_with_custom_domains" time="0.306" /><testcase classname="tests.test_iteration7" name="test_scale_rejects_invalid_domain" time="0.108" /><testcase classname="tests.test_iteration7" name="test_scale_rejects_duplicate_domain_across_countries" time="0.120" /><testcase classname="tests.test_iteration7" name="test_scale_siblings_endpoint" time="0.334" /><testcase classname="tests.test_iteration7" name="test_scale_copies_products_as_draft" time="0.265" /><testcase classname="tests.test_iteration7" name="test_scale_requires_access" time="0.280" /><testcase classname="tests.test_iteration7_extra" name="test_cross_site_domain_uniqueness_returns_409" time="1.111" /><testcase classname="tests.test_iteration7_extra" name="test_generate_ads_copy_scheduled_count" time="19.869" /><testcase classname="tests.test_iteration7_extra" name="test_total_daily_budget_scales_linearly" time="0.524" /><testcase classname="tests.test_iteration7_extra" name="test_copy_products_false_yields_empty_catalog" time="0.355" /><testcase classname="tests.test_iteration8" name="test_empire_requires_admin" time="0.727" /><testcase classname="tests.test_iteration8" name="test_empire_returns_full_shape" time="0.408" /><testcase classname="tests.test_iteration8" name="test_empire_custom_days" time="0.057" /><testcase classname="tests.test_iteration8" name="test_empire_alerts_are_site_linked" time="0.058" /><testcase classname="tests.test_iteration8" name="test_blocks_prompts_catalog" time="0.052" /><testcase classname="tests.test_iteration8" name="test_block_outputs_empty_initially" time="0.142" /><testcase classname="tests.test_iteration8" name="test_block_execute_unknown_block_404" time="0.127" /><testcase classname="tests.test_iteration8" name="test_block_execute_requires_site_access" time="0.175" /></testsuite></testsuites>